<?xml version="1.0" encoding="UTF-8"?>
<!-- Generated by org.testng.reporters.JUnitReportReporter -->
<testsuite skipped="0" hostname="ip-172-31-83-34" name="test.SignUpPageTest" tests="1" failures="0" timestamp="13 Dec 2021 06:32:04 GMT" time="4.016" errors="0">
  <testcase name="signupTest" time="4.016" classname="test.SignUpPageTest"/>
</testsuite> <!-- test.SignUpPageTest -->
