<?xml version="1.0" encoding="UTF-8"?>
<!-- Generated by org.testng.reporters.JUnitReportReporter -->
<testsuite skipped="0" hostname="ip-172-31-83-34" name="test.Baseclass" tests="1" failures="0" timestamp="13 Dec 2021 04:13:02 GMT" time="1.248" errors="0">
  <testcase name="setup" time="1.248" classname="test.Baseclass"/>
</testsuite> <!-- test.Baseclass -->
