<?xml version="1.0" encoding="UTF-8"?>
<!-- Generated by org.testng.reporters.JUnitReportReporter -->
<testsuite skipped="0" hostname="ip-172-31-83-34" name="test.CheckOutPageTest" tests="1" failures="0" timestamp="13 Dec 2021 06:32:04 GMT" time="1.963" errors="0">
  <testcase name="CheckOut" time="1.963" classname="test.CheckOutPageTest"/>
</testsuite> <!-- test.CheckOutPageTest -->
