<?xml version="1.0" encoding="UTF-8"?>
<!-- Generated by org.testng.reporters.JUnitReportReporter -->
<testsuite skipped="0" hostname="ip-172-31-83-34" name="test.LoginPageTest" tests="1" failures="0" timestamp="13 Dec 2021 06:38:16 GMT" time="1.473" errors="0">
  <testcase name="Login" time="1.473" classname="test.LoginPageTest"/>
</testsuite> <!-- test.LoginPageTest -->
